<?xml version="1.0" encoding="UTF-8"?>
<testsuite xmlns:xsi="http://www.w3.org/2001/XMLSchema-instance" xsi:noNamespaceSchemaLocation="https://maven.apache.org/surefire/maven-surefire-plugin/xsd/surefire-test-report.xsd" name="pl.edu.pw.ee.DeterministicFiniteAutomatonTextSearchTest" time="0.08" tests="9" errors="0" skipped="0" failures="0">
  <properties>
[...]
</properties>
  <testcase name="test6_podane_wzorce_all" classname="pl.edu.pw.ee.DeterministicFiniteAutomatonTextSearchTest" time="0.048"/>
  <testcase name="test5_podane_wzorce_first" classname="pl.edu.pw.ee.DeterministicFiniteAutomatonTextSearchTest" time="0.003"/>
  <testcase name="test8_wyjatek_text" classname="pl.edu.pw.ee.DeterministicFiniteAutomatonTextSearchTest" time="0.004"/>
  <testcase name="test4_wszystkie_wzorce" classname="pl.edu.pw.ee.DeterministicFiniteAutomatonTextSearchTest" time="0.002"/>
  <testcase name="test7_wyjatek_pattern" classname="pl.edu.pw.ee.DeterministicFiniteAutomatonTextSearchTest" time="0.001"/>
  <testcase name="test2_nie_ma_wzorca_all" classname="pl.edu.pw.ee.DeterministicFiniteAutomatonTextSearchTest" time="0.001"/>
  <testcase name="test0_jest_1_wzorzec" classname="pl.edu.pw.ee.DeterministicFiniteAutomatonTextSearchTest" time="0.002"/>
  <testcase name="test1_nie_ma_wzorca_first" classname="pl.edu.pw.ee.DeterministicFiniteAutomatonTextSearchTest" time="0.002"/>
  <testcase name="test3_sa_2_wzorce_i_znajduje_pierwszy" classname="pl.edu.pw.ee.DeterministicFiniteAutomatonTextSearchTest" time="0.001"/>
</testsuite>