<?xml version="1.0" encoding="UTF-8"?>
<testsuite xmlns:xsi="http://www.w3.org/2001/XMLSchema-instance" xsi:noNamespaceSchemaLocation="https://maven.apache.org/surefire/maven-surefire-plugin/xsd/surefire-test-report.xsd" name="pl.edu.pw.ee.LongestCommonSubsequenceTest" time="0.055" tests="10" errors="0" skipped="0" failures="0">
  <properties>
[...]
</properties>
  <testcase name="should_correctlyfindLCSAndDisplay_WhenStringsAreSame" classname="pl.edu.pw.ee.LongestCommonSubsequenceTest" time="0.014"/>
  <testcase name="should_throwException_WhenGivenStringIsEmpty" classname="pl.edu.pw.ee.LongestCommonSubsequenceTest" time="0"/>
  <testcase name="should_returnEmptyString_WhenStringsAreSingleCharWithoutLCS" classname="pl.edu.pw.ee.LongestCommonSubsequenceTest" time="0"/>
  <testcase name="should_correctlyfindLCSAndDisplay_WhenStringsAreInEasyVariant" classname="pl.edu.pw.ee.LongestCommonSubsequenceTest" time="0.001"/>
  <testcase name="should_returnEmptyString_WhenStringsAreSingleCharWithLCS" classname="pl.edu.pw.ee.LongestCommonSubsequenceTest" time="0"/>
  <testcase name="should_findLCSAndDisplay_WhenStringsHaveSpecialCharacters" classname="pl.edu.pw.ee.LongestCommonSubsequenceTest" time="0.031"/>
  <testcase name="should_returnEmptyString_WhenStringsHaveEmptyCLS" classname="pl.edu.pw.ee.LongestCommonSubsequenceTest" time="0"/>
  <testcase name="should_throwException_WhenGivenStringIsNull" classname="pl.edu.pw.ee.LongestCommonSubsequenceTest" time="0"/>
  <testcase name="should_correctlyfindLCSAndDisplay_WhenStringsHaveAFewSpecialCharacters" classname="pl.edu.pw.ee.LongestCommonSubsequenceTest" time="0.001"/>
  <testcase name="should_correctlyfindLCSAndDisplay_WhenStringsHaveTwoLCS" classname="pl.edu.pw.ee.LongestCommonSubsequenceTest" time="0.003"/>
</testsuite>